  control_surface_integrator.cpp
C:\Users\geoffwaddington\Desktop\reaper_csurf_integrator\reaper_csurf_integrator\control_surface_integrator.h(359,58): warning C4244: '=': conversion from 'double' to 'int', possible loss of data
C:\Users\geoffwaddington\Desktop\reaper_csurf_integrator\reaper_csurf_integrator\control_surface_integrator.h(371,31): warning C4018: '>': signed/unsigned mismatch
C:\Users\geoffwaddington\Desktop\reaper_csurf_integrator\reaper_csurf_integrator\control_surface_integrator.h(417,54): warning C4018: '<': signed/unsigned mismatch
C:\Users\geoffwaddington\Desktop\reaper_csurf_integrator\reaper_csurf_integrator\control_surface_integrator.h(427,26): warning C4018: '<': signed/unsigned mismatch
C:\Users\geoffwaddington\Desktop\reaper_csurf_integrator\reaper_csurf_integrator\control_surface_integrator.h(1684,39): warning C4018: '<': signed/unsigned mismatch
C:\Users\geoffwaddington\Desktop\reaper_csurf_integrator\reaper_csurf_integrator\control_surface_integrator.h(1690,39): warning C4018: '<': signed/unsigned mismatch
C:\Users\geoffwaddington\Desktop\reaper_csurf_integrator\reaper_csurf_integrator\control_surface_integrator.h(1728,23): warning C4018: '<': signed/unsigned mismatch
C:\Users\geoffwaddington\Desktop\reaper_csurf_integrator\reaper_csurf_integrator\control_surface_integrator.h(1738,27): warning C4018: '>': signed/unsigned mismatch
C:\Users\geoffwaddington\Desktop\reaper_csurf_integrator\reaper_csurf_integrator\control_surface_integrator.h(1823,21): warning C4834: discarding return value of function with 'nodiscard' attribute
C:\Users\geoffwaddington\Desktop\reaper_csurf_integrator\reaper_csurf_integrator\control_surface_integrator.h(2384,26): warning C4018: '<': signed/unsigned mismatch
C:\Users\geoffwaddington\Desktop\reaper_csurf_integrator\reaper_csurf_integrator\control_surface_midi_widgets.h(226,38): warning C4018: '<': signed/unsigned mismatch
C:\Users\geoffwaddington\Desktop\reaper_csurf_integrator\reaper_csurf_integrator\control_surface_midi_widgets.h(235,38): warning C4018: '<': signed/unsigned mismatch
C:\Users\geoffwaddington\Desktop\reaper_csurf_integrator\reaper_csurf_integrator\control_surface_midi_widgets.h(517,20): warning C4244: 'initializing': conversion from 'double' to 'int', possible loss of data
C:\Users\geoffwaddington\Desktop\reaper_csurf_integrator\reaper_csurf_integrator\control_surface_midi_widgets.h(523,20): warning C4244: 'initializing': conversion from 'double' to 'int', possible loss of data
C:\Users\geoffwaddington\Desktop\reaper_csurf_integrator\reaper_csurf_integrator\control_surface_midi_widgets.h(548,111): warning C4244: 'argument': conversion from 'double' to 'int', possible loss of data
C:\Users\geoffwaddington\Desktop\reaper_csurf_integrator\reaper_csurf_integrator\control_surface_midi_widgets.h(553,112): warning C4244: 'argument': conversion from 'double' to 'int', possible loss of data
C:\Users\geoffwaddington\Desktop\reaper_csurf_integrator\reaper_csurf_integrator\control_surface_midi_widgets.h(597,22): warning C4244: 'initializing': conversion from 'double' to 'int', possible loss of data
C:\Users\geoffwaddington\Desktop\reaper_csurf_integrator\reaper_csurf_integrator\control_surface_midi_widgets.h(618,117): warning C4244: 'argument': conversion from 'double' to 'int', possible loss of data
C:\Users\geoffwaddington\Desktop\reaper_csurf_integrator\reaper_csurf_integrator\control_surface_midi_widgets.h(623,118): warning C4244: 'argument': conversion from 'double' to 'int', possible loss of data
C:\Users\geoffwaddington\Desktop\reaper_csurf_integrator\reaper_csurf_integrator\control_surface_midi_widgets.h(655,123): warning C4244: 'argument': conversion from 'double' to 'int', possible loss of data
C:\Users\geoffwaddington\Desktop\reaper_csurf_integrator\reaper_csurf_integrator\control_surface_midi_widgets.h(660,124): warning C4244: 'argument': conversion from 'double' to 'int', possible loss of data
C:\Users\geoffwaddington\Desktop\reaper_csurf_integrator\reaper_csurf_integrator\control_surface_midi_widgets.h(686,23): warning C4244: 'initializing': conversion from 'double' to 'int', possible loss of data
C:\Users\geoffwaddington\Desktop\reaper_csurf_integrator\reaper_csurf_integrator\control_surface_midi_widgets.h(703,23): warning C4244: 'initializing': conversion from 'double' to 'int', possible loss of data
C:\Users\geoffwaddington\Desktop\reaper_csurf_integrator\reaper_csurf_integrator\control_surface_midi_widgets.h(739,23): warning C4244: 'initializing': conversion from 'double' to 'int', possible loss of data
C:\Users\geoffwaddington\Desktop\reaper_csurf_integrator\reaper_csurf_integrator\control_surface_Reaper_actions.h(1074,22): warning C4244: 'initializing': conversion from 'double' to 'int', possible loss of data
C:\Users\geoffwaddington\Desktop\reaper_csurf_integrator\reaper_csurf_integrator\control_surface_Reaper_actions.h(1120,22): warning C4244: 'initializing': conversion from 'double' to 'int', possible loss of data
C:\Users\geoffwaddington\Desktop\reaper_csurf_integrator\reaper_csurf_integrator\control_surface_integrator.cpp(199,26): warning C4018: '<': signed/unsigned mismatch
C:\Users\geoffwaddington\Desktop\reaper_csurf_integrator\reaper_csurf_integrator\control_surface_integrator.cpp(344,38): warning C4018: '<': signed/unsigned mismatch
C:\Users\geoffwaddington\Desktop\reaper_csurf_integrator\reaper_csurf_integrator\control_surface_integrator.cpp(352,23): warning C4101: 'e': unreferenced local variable
C:\Users\geoffwaddington\Desktop\reaper_csurf_integrator\reaper_csurf_integrator\control_surface_integrator.cpp(395,30): warning C4018: '<': signed/unsigned mismatch
C:\Users\geoffwaddington\Desktop\reaper_csurf_integrator\reaper_csurf_integrator\control_surface_integrator.cpp(425,53): warning C4244: 'argument': conversion from 'double' to '_Ty', possible loss of data
          with
          [
              _Ty=int
          ]
C:\Users\geoffwaddington\Desktop\reaper_csurf_integrator\reaper_csurf_integrator\control_surface_integrator.cpp(440,57): warning C4244: 'argument': conversion from 'double' to '_Ty', possible loss of data
          with
          [
              _Ty=int
          ]
C:\Users\geoffwaddington\Desktop\reaper_csurf_integrator\reaper_csurf_integrator\control_surface_integrator.cpp(517,22): warning C4018: '<': signed/unsigned mismatch
C:\Users\geoffwaddington\Desktop\reaper_csurf_integrator\reaper_csurf_integrator\control_surface_integrator.cpp(736,23): warning C4101: 'e': unreferenced local variable
C:\Users\geoffwaddington\Desktop\reaper_csurf_integrator\reaper_csurf_integrator\control_surface_integrator.cpp(936,23): warning C4101: 'e': unreferenced local variable
C:\Users\geoffwaddington\Desktop\reaper_csurf_integrator\reaper_csurf_integrator\control_surface_integrator.cpp(1038,26): warning C4018: '<': signed/unsigned mismatch
C:\Users\geoffwaddington\Desktop\reaper_csurf_integrator\reaper_csurf_integrator\control_surface_integrator.cpp(1070,18): warning C4018: '<=': signed/unsigned mismatch
C:\Users\geoffwaddington\Desktop\reaper_csurf_integrator\reaper_csurf_integrator\control_surface_integrator.cpp(1417,32): warning C4018: '>': signed/unsigned mismatch
C:\Users\geoffwaddington\Desktop\reaper_csurf_integrator\reaper_csurf_integrator\control_surface_integrator.cpp(1446,43): warning C4018: '>': signed/unsigned mismatch
C:\Users\geoffwaddington\Desktop\reaper_csurf_integrator\reaper_csurf_integrator\control_surface_integrator.cpp(1456,32): warning C4018: '>': signed/unsigned mismatch
C:\Users\geoffwaddington\Desktop\reaper_csurf_integrator\reaper_csurf_integrator\control_surface_integrator.cpp(1477,43): warning C4018: '>': signed/unsigned mismatch
C:\Users\geoffwaddington\Desktop\reaper_csurf_integrator\reaper_csurf_integrator\control_surface_integrator.cpp(1549,38): warning C4018: '<': signed/unsigned mismatch
C:\Users\geoffwaddington\Desktop\reaper_csurf_integrator\reaper_csurf_integrator\control_surface_integrator.cpp(1579,22): warning C4018: '<': signed/unsigned mismatch
C:\Users\geoffwaddington\Desktop\reaper_csurf_integrator\reaper_csurf_integrator\control_surface_integrator.cpp(1604,22): warning C4018: '<': signed/unsigned mismatch
C:\Users\geoffwaddington\Desktop\reaper_csurf_integrator\reaper_csurf_integrator\control_surface_integrator.cpp(1937,23): warning C4101: 'e': unreferenced local variable
C:\Users\geoffwaddington\Desktop\reaper_csurf_integrator\reaper_csurf_integrator\control_surface_integrator.cpp(2095,44): warning C4244: 'argument': conversion from 'double' to 'float', possible loss of data
C:\Users\geoffwaddington\Desktop\reaper_csurf_integrator\reaper_csurf_integrator\control_surface_integrator.cpp(2319,20): warning C4244: 'initializing': conversion from 'double' to 'float', possible loss of data
C:\Users\geoffwaddington\Desktop\reaper_csurf_integrator\reaper_csurf_integrator\control_surface_integrator.cpp(2320,21): warning C4244: 'initializing': conversion from 'double' to 'float', possible loss of data
C:\Users\geoffwaddington\Desktop\reaper_csurf_integrator\reaper_csurf_integrator\control_surface_integrator.cpp(2322,34): warning C4244: '=': conversion from 'double' to 'float', possible loss of data
  control_surface_integrator_ui.cpp
C:\Users\geoffwaddington\Desktop\reaper_csurf_integrator\reaper_csurf_integrator\control_surface_integrator.h(359,58): warning C4244: '=': conversion from 'double' to 'int', possible loss of data
C:\Users\geoffwaddington\Desktop\reaper_csurf_integrator\reaper_csurf_integrator\control_surface_integrator.h(371,31): warning C4018: '>': signed/unsigned mismatch
C:\Users\geoffwaddington\Desktop\reaper_csurf_integrator\reaper_csurf_integrator\control_surface_integrator.h(417,54): warning C4018: '<': signed/unsigned mismatch
C:\Users\geoffwaddington\Desktop\reaper_csurf_integrator\reaper_csurf_integrator\control_surface_integrator.h(427,26): warning C4018: '<': signed/unsigned mismatch
C:\Users\geoffwaddington\Desktop\reaper_csurf_integrator\reaper_csurf_integrator\control_surface_integrator.h(1684,39): warning C4018: '<': signed/unsigned mismatch
C:\Users\geoffwaddington\Desktop\reaper_csurf_integrator\reaper_csurf_integrator\control_surface_integrator.h(1690,39): warning C4018: '<': signed/unsigned mismatch
C:\Users\geoffwaddington\Desktop\reaper_csurf_integrator\reaper_csurf_integrator\control_surface_integrator.h(1728,23): warning C4018: '<': signed/unsigned mismatch
C:\Users\geoffwaddington\Desktop\reaper_csurf_integrator\reaper_csurf_integrator\control_surface_integrator.h(1738,27): warning C4018: '>': signed/unsigned mismatch
C:\Users\geoffwaddington\Desktop\reaper_csurf_integrator\reaper_csurf_integrator\control_surface_integrator.h(1823,21): warning C4834: discarding return value of function with 'nodiscard' attribute
C:\Users\geoffwaddington\Desktop\reaper_csurf_integrator\reaper_csurf_integrator\control_surface_integrator.h(2384,26): warning C4018: '<': signed/unsigned mismatch
  main.cpp
     Creating library C:\Users\geoffwaddington\Desktop\reaper_csurf_integrator\Windows\reaper_csurf_integrator\Release\reaper_csurf_integrator.lib and object C:\Users\geoffwaddington\Desktop\reaper_csurf_integrator\Windows\reaper_csurf_integrator\Release\reaper_csurf_integrator.exp
  Generating code
  Previous IPDB not found, fall back to full compilation.
  All 5062 functions were compiled because no usable IPDB/IOBJ from previous compilation was found.
  Finished generating code
  reaper_csurf_integrator.vcxproj -> C:\Users\geoffwaddington\Desktop\reaper_csurf_integrator\Windows\reaper_csurf_integrator\Release\reaper_csurf_integrator.dll
